[20:15:48] [main/INFO]: Loading Minecraft 1.21.3 with Fabric Loader 0.16.14
[20:15:48] [ForkJoinPool-1-worker-1/WARN]: Mod ismah uses the version 2.0.0-1.21.(2,3) which isn't compatible with Loader's extended semantic version format (Invalid prerelease string '1.21.(2,3)'!), SemVer is recommended for reliably evaluating dependencies and prioritizing newer version
[20:15:48] [main/WARN]: Warnings were found!
 - Mod 'Sounds' (sounds) 2.4.11+1.21.3+fabric recommends any version of rsls, which is missing!
	 - You should install any version of rsls for the optimal experience.
[20:15:48] [main/INFO]: Loading 136 mods:
	- architectury 14.0.4
	- cameraoverhaul 2.0.4-fabric+mc.1.21.2-1.21.4
	   \-- io_hotmoka_toml4j 0.7.3
	- cloth-config 16.0.143
	   \-- cloth-basic-math 0.6.1
	- continuity 3.0.0+1.21.3
	- crash_assistant 1.9.2
	- creativecore 2.12.22
	   \-- net_neoforged_bus 7.2.0
	- eg_particle_interactions 0.4
	- entity_model_features 2.4.1
	- entity_texture_features 6.2.9
	   \-- org_apache_httpcomponents_httpmime 4.5.10
	- explosiveenhancement 1.3.0-1.21.2-3
	- fabric-api 0.114.1+1.21.3
	   |-- fabric-api-lookup-api-v1 1.6.81+fd37071f40
	   |-- fabric-biome-api-v1 14.0.7+add2a48640
	   |-- fabric-block-api-v1 1.0.28+fd37071f40
	   |-- fabric-block-view-api-v2 1.0.16+fd37071f40
	   |-- fabric-blockrenderlayer-v1 2.0.4+fd37071f40
	   |-- fabric-client-tags-api-v1 1.1.25+a730659c40
	   |-- fabric-command-api-v1 1.2.58+f71b366f40
	   |-- fabric-command-api-v2 2.2.37+c9d82ab240
	   |-- fabric-commands-v0 0.2.75+df3654b340
	   |-- fabric-content-registries-v0 9.1.8+fd37071f40
	   |-- fabric-convention-tags-v1 2.1.4+7f945d5b40
	   |-- fabric-convention-tags-v2 2.9.4+129f0c1f40
	   |-- fabric-crash-report-info-v1 0.3.3+fd37071f40
	   |-- fabric-data-attachment-api-v1 1.4.0+dbad41f140
	   |-- fabric-data-generation-api-v1 21.1.2+a730659c40
	   |-- fabric-dimensions-v1 4.0.7+fd37071f40
	   |-- fabric-entity-events-v1 2.0.8+825023f840
	   |-- fabric-events-interaction-v0 2.0.12+c2c3ac4740
	   |-- fabric-game-rule-api-v1 1.0.59+fd37071f40
	   |-- fabric-item-api-v1 11.1.7+fd37071f40
	   |-- fabric-item-group-api-v1 4.1.17+fd37071f40
	   |-- fabric-keybindings-v0 0.2.51+df3654b340
	   |-- fabric-lifecycle-events-v1 2.5.1+6da5ef6940
	   |-- fabric-loot-api-v2 3.0.26+3f89f5a540
	   |-- fabric-loot-api-v3 1.0.14+fd37071f40
	   |-- fabric-message-api-v1 6.0.22+5a9b22c640
	   |-- fabric-model-loading-api-v1 3.0.9+fd37071f40
	   |-- fabric-networking-api-v1 4.3.5+fd37071f40
	   |-- fabric-object-builder-api-v1 17.0.9+fd37071f40
	   |-- fabric-particles-v1 4.0.10+fd37071f40
	   |-- fabric-recipe-api-v1 7.0.5+8ea69ff840
	   |-- fabric-registry-sync-v0 5.4.1+3f3c499540
	   |-- fabric-renderer-api-v1 4.0.5+fd37071f40
	   |-- fabric-renderer-indigo 1.9.5+fd37071f40
	   |-- fabric-rendering-data-attachment-v1 0.3.54+73761d2e40
	   |-- fabric-rendering-fluids-v1 3.1.15+fd37071f40
	   |-- fabric-rendering-v0 1.1.84+df3654b340
	   |-- fabric-rendering-v1 8.0.8+6922831640
	   |-- fabric-resource-conditions-api-v1 5.0.8+fd37071f40
	   |-- fabric-resource-loader-v0 3.0.6+fd37071f40
	   |-- fabric-screen-api-v1 2.0.34+fd37071f40
	   |-- fabric-screen-handler-api-v1 1.3.103+fd37071f40
	   |-- fabric-sound-api-v1 1.0.29+fd37071f40
	   |-- fabric-tag-api-v1 1.0.0+a730659c40
	   |-- fabric-transfer-api-v1 5.4.3+cb44d14340
	   \-- fabric-transitive-access-wideners-v1 6.2.0+54a41b1c40
	- fabric-language-kotlin 1.13.3+kotlin.2.1.21
	   |-- org_jetbrains_kotlin_kotlin-reflect 2.1.21
	   |-- org_jetbrains_kotlin_kotlin-stdlib 2.1.21
	   |-- org_jetbrains_kotlin_kotlin-stdlib-jdk7 2.1.21
	   |-- org_jetbrains_kotlin_kotlin-stdlib-jdk8 2.1.21
	   |-- org_jetbrains_kotlinx_atomicfu-jvm 0.27.0
	   |-- org_jetbrains_kotlinx_kotlinx-coroutines-core-jvm 1.10.2
	   |-- org_jetbrains_kotlinx_kotlinx-coroutines-jdk8 1.10.2
	   |-- org_jetbrains_kotlinx_kotlinx-datetime-jvm 0.6.2
	   |-- org_jetbrains_kotlinx_kotlinx-io-bytestring-jvm 0.7.0
	   |-- org_jetbrains_kotlinx_kotlinx-io-core-jvm 0.7.0
	   |-- org_jetbrains_kotlinx_kotlinx-serialization-cbor-jvm 1.8.1
	   |-- org_jetbrains_kotlinx_kotlinx-serialization-core-jvm 1.8.1
	   \-- org_jetbrains_kotlinx_kotlinx-serialization-json-jvm 1.8.1
	- fabricloader 0.16.14
	- fog 1.8.0-1.21.3
	- forgeconfigapiport 21.3.3
	   |-- com_electronwill_night-config_core 3.8.1
	   \-- com_electronwill_night-config_toml 3.8.1
	- freecam 1.3.1+mc1.21.3
	- fzzy_config 0.7.0+1.21.3
	   |-- blue_endless_jankson 1.2.3
	   |-- fabric-permissions-api-v0 0.3.3
	   \-- net_peanuuutz_tomlkt_tomlkt-jvm 0.3.7
	- hold-my-items 4.3
	- immersiveui 0.3.0
	- iris 1.8.8+mc1.21.4
	   |-- fabric-api-base 0.4.52+8ca5486f82
	   |-- fabric-key-binding-api-v1 1.0.55+7feeb73382
	   |-- io_github_douira_glsl-transformer 2.0.1
	   |-- org_anarres_jcpp 1.4.14
	   \-- org_antlr_antlr4-runtime 4.13.1
	- ismah 2.0.0-1.21.(2,3)
	- java 21
	- lithium 0.14.6+mc1.21.3
	- minecraft 1.21.3
	- modmenu 12.0.0
	- mru 1.0.17+1.21.5+fabric
	   \-- org_commonmark_commonmark 0.21.0
	- notenoughanimations 1.9.3
	- octolib 0.5.0.1
	   \-- org_yaml_snakeyaml 2.2
	- owo 0.12.18+1.21.2
	   |-- io_wispforest_endec 0.1.9
	   |-- io_wispforest_endec_gson 0.1.6
	   |-- io_wispforest_endec_jankson 0.1.6
	   \-- io_wispforest_endec_netty 0.1.5
	- particlerain 3.0.6-1.21.2
	- particular 1.1.1+1.21.3
	- placeholder-api 2.5.2+1.21.3
	- playeranimator 2.0.2+1.21.3
	- presencefootsteps 1.11.0+1.21.3
	   \-- kirin 1.20.1+1.21.3
	- shouldersurfing 4.6.2
	- skinlayers3d 1.7.5
	- sodium 0.6.13+mc1.21.3
	- sound_physics_remastered 1.21.3-1.4.7
	- sounds 2.4.11+1.21.3+fabric
	   \-- mixinextras 0.5.0-rc.1
	- subtle_effects 1.8.0
	- visuality 0.7.9+1.21.4
	- wakes 0.4.1+1.21.4
	   |-- com_github_jdiemke_delaunay-triangulator_delaunaytriangulator 1.0.0
	   \-- midnightlib 1.6.9
	- yet_another_config_lib_v3 3.6.6+1.21.3-fabric
	   |-- com_twelvemonkeys_common_common-image 3.12.0
	   |-- com_twelvemonkeys_common_common-io 3.12.0
	   |-- com_twelvemonkeys_common_common-lang 3.12.0
	   |-- com_twelvemonkeys_imageio_imageio-core 3.12.0
	   |-- com_twelvemonkeys_imageio_imageio-metadata 3.12.0
	   |-- com_twelvemonkeys_imageio_imageio-webp 3.12.0
	   |-- org_quiltmc_parsers_gson 0.2.1
	   \-- org_quiltmc_parsers_json 0.2.1
	- zoomify 2.14.2+1.21.3
	   \-- com_akuleshov7_ktoml-core-jvm 0.5.2
[20:15:49] [main/INFO]: SpongePowered MIXIN Subsystem Version=0.8.7 Source=file:/C:/Users/Home/AppData/Roaming/Crystal-Launcher/instances/u.negro/.minecraft/libraries/net/fabricmc/sponge-mixin/0.15.5+mixin.0.8.7/sponge-mixin-0.15.5+mixin.0.8.7.jar Service=Knot/Fabric Env=CLIENT
[20:15:49] [main/INFO]: Compatibility level set to JAVA_16
[20:15:49] [main/INFO]: Compatibility level set to JAVA_21
[20:15:49] [main/WARN]: Reference map 'forgeconfigapiport.common.refmap.json' for forgeconfigapiport.common.mixins.json could not be read. If this is a development environment you can ignore this message
[20:15:49] [main/WARN]: Reference map 'iris.refmap.json' for mixins.iris.json could not be read. If this is a development environment you can ignore this message
[20:15:49] [main/WARN]: Reference map 'iris-fabric.refmap.json' for mixins.iris.fabric.json could not be read. If this is a development environment you can ignore this message
[20:15:49] [main/WARN]: Reference map 'iris.refmap.json' for iris-batched-entity-rendering.mixins.json could not be read. If this is a development environment you can ignore this message
[20:15:49] [main/WARN]: Reference map 'iris.refmap.json' for mixins.iris.fantastic.json could not be read. If this is a development environment you can ignore this message
[20:15:49] [main/WARN]: Reference map 'iris.refmap.json' for mixins.iris.vertexformat.json could not be read. If this is a development environment you can ignore this message
[20:15:49] [main/WARN]: Reference map 'iris.refmap.json' for mixins.iris.bettermipmaps.json could not be read. If this is a development environment you can ignore this message
[20:15:49] [main/WARN]: Reference map 'iris.refmap.json' for mixins.iris.compat.sodium.json could not be read. If this is a development environment you can ignore this message
[20:15:49] [main/WARN]: Reference map 'iris.refmap.json' for mixins.iris.fixes.maxfpscrash.json could not be read. If this is a development environment you can ignore this message
[20:15:49] [main/INFO]: Loaded configuration file for Lithium: 140 options available, 1 override(s) found
[20:15:49] [main/WARN]: Reference map 'OctoLib-COMMON-common-refmap.json' for octolib-common.mixins.json could not be read. If this is a development environment you can ignore this message
[20:15:49] [main/INFO]: Loaded configuration file for Sodium: 43 options available, 1 override(s) found
[20:15:49] [main/WARN]: Error loading class: net/raphimc/immediatelyfast/feature/core/BatchableBufferSource (java.lang.ClassNotFoundException: net/raphimc/immediatelyfast/feature/core/BatchableBufferSource)
[20:15:49] [main/WARN]: Error loading class: me/jellysquid/mods/sodium/client/render/immediate/model/EntityRenderer (java.lang.ClassNotFoundException: me/jellysquid/mods/sodium/client/render/immediate/model/EntityRenderer)
[20:15:49] [main/WARN]: Error loading class: net/mehvahdjukaar/polytone/biome/BiomeEffectsManager (java.lang.ClassNotFoundException: net/mehvahdjukaar/polytone/biome/BiomeEffectsManager)
[20:15:49] [main/WARN]: Error loading class: net/minecraft/class_10442 (java.lang.ClassNotFoundException: net/minecraft/class_10442)
[20:15:49] [main/WARN]: @Mixin target net.minecraft.class_10442 was not found mixins.iris.json:entity_render_context.MixinItemRenderer from mod iris
[20:15:49] [main/WARN]: Error loading class: net/minecraft/class_10444 (java.lang.ClassNotFoundException: net/minecraft/class_10444)
[20:15:49] [main/WARN]: @Mixin target net.minecraft.class_10444 was not found mixins.iris.json:entity_render_context.ItemStackStateMixin from mod iris
[20:15:49] [main/WARN]: Error loading class: net/minecraft/class_10444$class_10446 (java.lang.ClassNotFoundException: net/minecraft/class_10444$class_10446)
[20:15:49] [main/WARN]: @Mixin target net.minecraft.class_10444$class_10446 was not found mixins.iris.json:entity_render_context.ItemStackStateLayerMixin from mod iris
[20:15:49] [main/WARN]: Error loading class: net/minecraft/class_10537 (java.lang.ClassNotFoundException: net/minecraft/class_10537)
[20:15:49] [main/WARN]: @Mixin target net.minecraft.class_10537 was not found mixins.iris.json:texture.ReloadableTextureAccessor from mod iris
[20:15:50] [main/INFO]: Force-enabling mixin 'compat.transfer_api.TransferApiHelperMixin' as rule 'mixin.compat.transfer_api' (added by mods [lithium]) enables it
[20:15:50] [main/WARN]: Error loading class: xyz/nucleoid/server/translations/impl/language/SystemDelegatedLanguage (java.lang.ClassNotFoundException: xyz/nucleoid/server/translations/impl/language/SystemDelegatedLanguage)
[20:15:50] [main/WARN]: Error loading class: com/mrcrayfish/guns/client/handler/RecoilHandler (java.lang.ClassNotFoundException: com/mrcrayfish/guns/client/handler/RecoilHandler)
[20:15:50] [main/WARN]: Error loading class: com/simibubi/create/content/contraptions/ContraptionHandlerClient (java.lang.ClassNotFoundException: com/simibubi/create/content/contraptions/ContraptionHandlerClient)
[20:15:50] [main/WARN]: @Mixin target com.simibubi.create.content.contraptions.ContraptionHandlerClient was not found shouldersurfing.common.compat.mixins.json:create.MixinContraptionHandlerClient from mod shouldersurfing
[20:15:50] [main/WARN]: Error loading class: yesman/epicfight/client/events/engine/RenderEngine (java.lang.ClassNotFoundException: yesman/epicfight/client/events/engine/RenderEngine)
[20:15:50] [main/WARN]: Error loading class: mcjty/theoneprobe/rendering/OverlayRenderer (java.lang.ClassNotFoundException: mcjty/theoneprobe/rendering/OverlayRenderer)
[20:15:50] [main/WARN]: Force-disabling mixin 'features.render.world.sky.FogRendererMixin' as rule 'mixin.features.render.world.sky' (added by mods [iris]) disables it and children
[20:15:50] [main/WARN]: Force-disabling mixin 'features.render.world.sky.ClientLevelMixin' as rule 'mixin.features.render.world.sky' (added by mods [iris]) disables it and children
[20:15:50] [main/WARN]: Force-disabling mixin 'features.render.world.sky.LevelRendererMixin' as rule 'mixin.features.render.world.sky' (added by mods [iris]) disables it and children
[20:15:50] [main/WARN]: Error loading class: dev/emi/emi/screen/EmiScreenManager (java.lang.ClassNotFoundException: dev/emi/emi/screen/EmiScreenManager)
[20:15:50] [main/WARN]: Error loading class: net/strobel/inventive_inventory/features/sorting/SortingHandler (java.lang.ClassNotFoundException: net/strobel/inventive_inventory/features/sorting/SortingHandler)
[20:15:50] [main/WARN]: Error loading class: de/rubixdev/inventorio/player/InventorioScreenHandler (java.lang.ClassNotFoundException: de/rubixdev/inventorio/player/InventorioScreenHandler)
[20:15:50] [main/WARN]: Error loading class: net/blay09/mods/trashslot/client/deletion/DefaultDeletionProvider (java.lang.ClassNotFoundException: net/blay09/mods/trashslot/client/deletion/DefaultDeletionProvider)
[20:15:50] [main/WARN]: Error loading class: org/jetbrains/annotations/ApiStatus$Internal (java.lang.ClassNotFoundException: org/jetbrains/annotations/ApiStatus$Internal)
[20:15:50] [main/WARN]: Error loading class: org/jetbrains/annotations/ApiStatus$Internal (java.lang.ClassNotFoundException: org/jetbrains/annotations/ApiStatus$Internal)
[20:15:50] [main/INFO]: Launching CrashAssistantApp (CrashAssistant-fabric-1.19.2-1.21.4-1.9.2.jar)
[20:15:50] [main/INFO]: Searching for graphics cards...
[20:15:50] [main/INFO]: Found graphics adapter: AdapterInfo{vendor=AMD, description='Radeon RX 580 Series', adapterType=0x0000030B, openglIcdFilePath='C:\WINDOWS\System32\DriverStore\FileRepository\u0407052.inf_amd64_84d15514ad17ffa0\B406619\atig6pxx.dll', openglIcdVersion=31.0.21921.1000}
[20:15:50] [main/INFO]: Initializing MixinExtras via com.llamalad7.mixinextras.service.MixinExtrasServiceImpl(version=0.5.0-rc.1).
[20:15:52] [main/WARN]: Invalid registry value type detected for PerfOS counters. Should be REG_DWORD. Ignoring: HKEY_LOCAL_MACHINE\SYSTEM\CurrentControlSet\Services\PerfOS\Performance\Disable Performance Counters.
[20:15:52] [Datafixer Bootstrap/INFO]: 237 Datafixer optimizations took 210 milliseconds
[20:15:55] [main/INFO]: particular.mixins.json:InvokerViewerCountManager from mod particular->@Invoker[METHOD_PROXY]::invokeScheduleBlockTick(Lnet/minecraft/class_1937;Lnet/minecraft/class_2338;Lnet/minecraft/class_2680;)V should be static as its target is
[20:15:56] [main/INFO]: Completely ignored arguments: []
[20:15:56] [Render thread/ERROR]: Mixin apply for mod iris failed mixins.iris.json:texture.MixinAbstractTexture from mod iris -> net.minecraft.class_1044: org.spongepowered.asm.mixin.transformer.throwables.InvalidMixinException @Shadow field field_55569 was not located in the target class net.minecraft.class_1044. No refMap loaded.
org.spongepowered.asm.mixin.transformer.throwables.InvalidMixinException: @Shadow field field_55569 was not located in the target class net.minecraft.class_1044. No refMap loaded.
	at org.spongepowered.asm.mixin.transformer.MixinPreProcessorStandard.attachFields(MixinPreProcessorStandard.java:624) ~[sponge-mixin-0.15.5+mixin.0.8.7.jar:0.15.5+mixin.0.8.7]
	at org.spongepowered.asm.mixin.transformer.MixinPreProcessorStandard.attach(MixinPreProcessorStandard.java:302) ~[sponge-mixin-0.15.5+mixin.0.8.7.jar:0.15.5+mixin.0.8.7]
	at org.spongepowered.asm.mixin.transformer.MixinPreProcessorStandard.createContextFor(MixinPreProcessorStandard.java:277) ~[sponge-mixin-0.15.5+mixin.0.8.7.jar:0.15.5+mixin.0.8.7]
	at org.spongepowered.asm.mixin.transformer.MixinInfo.createContextFor(MixinInfo.java:1292) ~[sponge-mixin-0.15.5+mixin.0.8.7.jar:0.15.5+mixin.0.8.7]
	at org.spongepowered.asm.mixin.transformer.MixinApplicatorStandard.apply(MixinApplicatorStandard.java:203) ~[sponge-mixin-0.15.5+mixin.0.8.7.jar:0.15.5+mixin.0.8.7]
	at org.spongepowered.asm.mixin.transformer.TargetClassContext.apply(TargetClassContext.java:437) ~[sponge-mixin-0.15.5+mixin.0.8.7.jar:0.15.5+mixin.0.8.7]
	at org.spongepowered.asm.mixin.transformer.TargetClassContext.applyMixins(TargetClassContext.java:418) ~[sponge-mixin-0.15.5+mixin.0.8.7.jar:0.15.5+mixin.0.8.7]
	at org.spongepowered.asm.mixin.transformer.MixinProcessor.applyMixins(MixinProcessor.java:363) [sponge-mixin-0.15.5+mixin.0.8.7.jar:0.15.5+mixin.0.8.7]
	at org.spongepowered.asm.mixin.transformer.MixinTransformer.transformClass(MixinTransformer.java:234) [sponge-mixin-0.15.5+mixin.0.8.7.jar:0.15.5+mixin.0.8.7]
	at org.spongepowered.asm.mixin.transformer.MixinTransformer.transformClassBytes(MixinTransformer.java:202) [sponge-mixin-0.15.5+mixin.0.8.7.jar:0.15.5+mixin.0.8.7]
	at net.fabricmc.loader.impl.launch.knot.KnotClassDelegate.getPostMixinClassByteArray(KnotClassDelegate.java:422) [fabric-loader-0.16.14.jar:?]
	at net.fabricmc.loader.impl.launch.knot.KnotClassDelegate.tryLoadClass(KnotClassDelegate.java:323) [fabric-loader-0.16.14.jar:?]
	at net.fabricmc.loader.impl.launch.knot.KnotClassDelegate.loadClass(KnotClassDelegate.java:218) [fabric-loader-0.16.14.jar:?]
	at net.fabricmc.loader.impl.launch.knot.KnotClassLoader.loadClass(KnotClassLoader.java:119) [fabric-loader-0.16.14.jar:?]
	at java.base/java.lang.ClassLoader.loadClass(ClassLoader.java:526) [?:?]
	at knot/net.minecraft.client.main.Main.main(Main.java:248) [client-intermediary.jar:?]
	at net.fabricmc.loader.impl.game.minecraft.MinecraftGameProvider.launch(MinecraftGameProvider.java:480) [fabric-loader-0.16.14.jar:?]
	at net.fabricmc.loader.impl.launch.knot.Knot.launch(Knot.java:74) [fabric-loader-0.16.14.jar:?]
	at net.fabricmc.loader.impl.launch.knot.KnotClient.main(KnotClient.java:23) [fabric-loader-0.16.14.jar:?]
	at java.base/jdk.internal.reflect.DirectMethodHandleAccessor.invoke(DirectMethodHandleAccessor.java:103) ~[?:?]
	at java.base/java.lang.reflect.Method.invoke(Method.java:580) ~[?:?]
	at crystallauncher.MinecraftConstructor.run(MinecraftConstructor.java:29) [proxyserver.jar:?]
	at crystallauncher.MineClient.start(MineClient.java:201) [proxyserver.jar:?]
	at crystallauncher.MineClient.main(MineClient.java:42) [proxyserver.jar:?]
[20:15:56] [Render thread/ERROR]: Mixin apply for mod iris failed mixins.iris.json:texture.MixinAbstractTexture from mod iris -> net.minecraft.class_1044: org.spongepowered.asm.mixin.transformer.throwables.InvalidMixinException @Shadow field field_55569 was not located in the target class net.minecraft.class_1044. No refMap loaded.
org.spongepowered.asm.mixin.transformer.throwables.InvalidMixinException: @Shadow field field_55569 was not located in the target class net.minecraft.class_1044. No refMap loaded.
	at org.spongepowered.asm.mixin.transformer.MixinPreProcessorStandard.attachFields(MixinPreProcessorStandard.java:624) ~[sponge-mixin-0.15.5+mixin.0.8.7.jar:0.15.5+mixin.0.8.7]
	at org.spongepowered.asm.mixin.transformer.MixinPreProcessorStandard.attach(MixinPreProcessorStandard.java:302) ~[sponge-mixin-0.15.5+mixin.0.8.7.jar:0.15.5+mixin.0.8.7]
	at org.spongepowered.asm.mixin.transformer.MixinPreProcessorStandard.createContextFor(MixinPreProcessorStandard.java:277) ~[sponge-mixin-0.15.5+mixin.0.8.7.jar:0.15.5+mixin.0.8.7]
	at org.spongepowered.asm.mixin.transformer.MixinInfo.createContextFor(MixinInfo.java:1292) ~[sponge-mixin-0.15.5+mixin.0.8.7.jar:0.15.5+mixin.0.8.7]
	at org.spongepowered.asm.mixin.transformer.MixinApplicatorStandard.apply(MixinApplicatorStandard.java:203) ~[sponge-mixin-0.15.5+mixin.0.8.7.jar:0.15.5+mixin.0.8.7]
	at org.spongepowered.asm.mixin.transformer.TargetClassContext.apply(TargetClassContext.java:437) ~[sponge-mixin-0.15.5+mixin.0.8.7.jar:0.15.5+mixin.0.8.7]
	at org.spongepowered.asm.mixin.transformer.TargetClassContext.applyMixins(TargetClassContext.java:418) ~[sponge-mixin-0.15.5+mixin.0.8.7.jar:0.15.5+mixin.0.8.7]
	at org.spongepowered.asm.mixin.transformer.MixinProcessor.applyMixins(MixinProcessor.java:363) [sponge-mixin-0.15.5+mixin.0.8.7.jar:0.15.5+mixin.0.8.7]
	at org.spongepowered.asm.mixin.transformer.MixinTransformer.transformClass(MixinTransformer.java:234) [sponge-mixin-0.15.5+mixin.0.8.7.jar:0.15.5+mixin.0.8.7]
	at org.spongepowered.asm.mixin.transformer.MixinTransformer.transformClassBytes(MixinTransformer.java:202) [sponge-mixin-0.15.5+mixin.0.8.7.jar:0.15.5+mixin.0.8.7]
	at net.fabricmc.loader.impl.launch.knot.KnotClassDelegate.getPostMixinClassByteArray(KnotClassDelegate.java:422) [fabric-loader-0.16.14.jar:?]
	at net.fabricmc.loader.impl.launch.knot.KnotClassDelegate.tryLoadClass(KnotClassDelegate.java:323) [fabric-loader-0.16.14.jar:?]
	at net.fabricmc.loader.impl.launch.knot.KnotClassDelegate.loadClass(KnotClassDelegate.java:218) [fabric-loader-0.16.14.jar:?]
	at net.fabricmc.loader.impl.launch.knot.KnotClassLoader.loadClass(KnotClassLoader.java:119) [fabric-loader-0.16.14.jar:?]
	at java.base/java.lang.ClassLoader.loadClass(ClassLoader.java:526) [?:?]
	at knot/net.minecraft.client.main.Main.main(Main.java:258) [client-intermediary.jar:?]
	at net.fabricmc.loader.impl.game.minecraft.MinecraftGameProvider.launch(MinecraftGameProvider.java:480) [fabric-loader-0.16.14.jar:?]
	at net.fabricmc.loader.impl.launch.knot.Knot.launch(Knot.java:74) [fabric-loader-0.16.14.jar:?]
	at net.fabricmc.loader.impl.launch.knot.KnotClient.main(KnotClient.java:23) [fabric-loader-0.16.14.jar:?]
	at java.base/jdk.internal.reflect.DirectMethodHandleAccessor.invoke(DirectMethodHandleAccessor.java:103) ~[?:?]
	at java.base/java.lang.reflect.Method.invoke(Method.java:580) ~[?:?]
	at crystallauncher.MinecraftConstructor.run(MinecraftConstructor.java:29) [proxyserver.jar:?]
	at crystallauncher.MineClient.start(MineClient.java:201) [proxyserver.jar:?]
	at crystallauncher.MineClient.main(MineClient.java:42) [proxyserver.jar:?]
[20:15:56] [Render thread/ERROR]: Minecraft has crashed!
net.fabricmc.loader.impl.FormattedException: java.lang.RuntimeException: Mixin transformation of net.minecraft.class_1044 failed
	at net.fabricmc.loader.impl.FormattedException.ofLocalized(FormattedException.java:63) ~[fabric-loader-0.16.14.jar:?]
	at net.fabricmc.loader.impl.game.minecraft.MinecraftGameProvider.launch(MinecraftGameProvider.java:482) ~[fabric-loader-0.16.14.jar:?]
	at net.fabricmc.loader.impl.launch.knot.Knot.launch(Knot.java:74) [fabric-loader-0.16.14.jar:?]
	at net.fabricmc.loader.impl.launch.knot.KnotClient.main(KnotClient.java:23) [fabric-loader-0.16.14.jar:?]
	at java.base/jdk.internal.reflect.DirectMethodHandleAccessor.invoke(DirectMethodHandleAccessor.java:103) ~[?:?]
	at java.base/java.lang.reflect.Method.invoke(Method.java:580) ~[?:?]
	at crystallauncher.MinecraftConstructor.run(MinecraftConstructor.java:29) [proxyserver.jar:?]
	at crystallauncher.MineClient.start(MineClient.java:201) [proxyserver.jar:?]
	at crystallauncher.MineClient.main(MineClient.java:42) [proxyserver.jar:?]
Caused by: java.lang.RuntimeException: Mixin transformation of net.minecraft.class_1044 failed
	at net.fabricmc.loader.impl.launch.knot.KnotClassDelegate.getPostMixinClassByteArray(KnotClassDelegate.java:427) ~[fabric-loader-0.16.14.jar:?]
	at net.fabricmc.loader.impl.launch.knot.KnotClassDelegate.tryLoadClass(KnotClassDelegate.java:323) ~[fabric-loader-0.16.14.jar:?]
	at net.fabricmc.loader.impl.launch.knot.KnotClassDelegate.loadClass(KnotClassDelegate.java:218) ~[fabric-loader-0.16.14.jar:?]
	at net.fabricmc.loader.impl.launch.knot.KnotClassLoader.loadClass(KnotClassLoader.java:119) ~[fabric-loader-0.16.14.jar:?]
	at java.base/java.lang.ClassLoader.loadClass(ClassLoader.java:526) ~[?:?]
	at knot/net.minecraft.client.main.Main.main(Main.java:258) ~[fabric-loader-0.16.14-1.21.3.jar:?]
	at net.fabricmc.loader.impl.game.minecraft.MinecraftGameProvider.launch(MinecraftGameProvider.java:480) ~[fabric-loader-0.16.14.jar:?]
	... 7 more
Caused by: org.spongepowered.asm.mixin.transformer.throwables.MixinTransformerError: An unexpected critical error was encountered
	at org.spongepowered.asm.mixin.transformer.MixinProcessor.applyMixins(MixinProcessor.java:392) ~[sponge-mixin-0.15.5+mixin.0.8.7.jar:0.15.5+mixin.0.8.7]
	at org.spongepowered.asm.mixin.transformer.MixinTransformer.transformClass(MixinTransformer.java:234) ~[sponge-mixin-0.15.5+mixin.0.8.7.jar:0.15.5+mixin.0.8.7]
	at org.spongepowered.asm.mixin.transformer.MixinTransformer.transformClassBytes(MixinTransformer.java:202) ~[sponge-mixin-0.15.5+mixin.0.8.7.jar:0.15.5+mixin.0.8.7]
	at net.fabricmc.loader.impl.launch.knot.KnotClassDelegate.getPostMixinClassByteArray(KnotClassDelegate.java:422) ~[fabric-loader-0.16.14.jar:?]
	at net.fabricmc.loader.impl.launch.knot.KnotClassDelegate.tryLoadClass(KnotClassDelegate.java:323) ~[fabric-loader-0.16.14.jar:?]
	at net.fabricmc.loader.impl.launch.knot.KnotClassDelegate.loadClass(KnotClassDelegate.java:218) ~[fabric-loader-0.16.14.jar:?]
	at net.fabricmc.loader.impl.launch.knot.KnotClassLoader.loadClass(KnotClassLoader.java:119) ~[fabric-loader-0.16.14.jar:?]
	at java.base/java.lang.ClassLoader.loadClass(ClassLoader.java:526) ~[?:?]
	at knot/net.minecraft.client.main.Main.main(Main.java:258) ~[fabric-loader-0.16.14-1.21.3.jar:?]
	at net.fabricmc.loader.impl.game.minecraft.MinecraftGameProvider.launch(MinecraftGameProvider.java:480) ~[fabric-loader-0.16.14.jar:?]
	... 7 more
Caused by: org.spongepowered.asm.mixin.throwables.MixinApplyError: Mixin [mixins.iris.json:texture.MixinAbstractTexture from mod iris] from phase [DEFAULT] in config [mixins.iris.json] FAILED during APPLY
	at org.spongepowered.asm.mixin.transformer.MixinProcessor.handleMixinError(MixinProcessor.java:638) ~[sponge-mixin-0.15.5+mixin.0.8.7.jar:0.15.5+mixin.0.8.7]
	at org.spongepowered.asm.mixin.transformer.MixinProcessor.handleMixinApplyError(MixinProcessor.java:589) ~[sponge-mixin-0.15.5+mixin.0.8.7.jar:0.15.5+mixin.0.8.7]
	at org.spongepowered.asm.mixin.transformer.MixinProcessor.applyMixins(MixinProcessor.java:379) ~[sponge-mixin-0.15.5+mixin.0.8.7.jar:0.15.5+mixin.0.8.7]
	at org.spongepowered.asm.mixin.transformer.MixinTransformer.transformClass(MixinTransformer.java:234) ~[sponge-mixin-0.15.5+mixin.0.8.7.jar:0.15.5+mixin.0.8.7]
	at org.spongepowered.asm.mixin.transformer.MixinTransformer.transformClassBytes(MixinTransformer.java:202) ~[sponge-mixin-0.15.5+mixin.0.8.7.jar:0.15.5+mixin.0.8.7]
	at net.fabricmc.loader.impl.launch.knot.KnotClassDelegate.getPostMixinClassByteArray(KnotClassDelegate.java:422) ~[fabric-loader-0.16.14.jar:?]
	at net.fabricmc.loader.impl.launch.knot.KnotClassDelegate.tryLoadClass(KnotClassDelegate.java:323) ~[fabric-loader-0.16.14.jar:?]
	at net.fabricmc.loader.impl.launch.knot.KnotClassDelegate.loadClass(KnotClassDelegate.java:218) ~[fabric-loader-0.16.14.jar:?]
	at net.fabricmc.loader.impl.launch.knot.KnotClassLoader.loadClass(KnotClassLoader.java:119) ~[fabric-loader-0.16.14.jar:?]
	at java.base/java.lang.ClassLoader.loadClass(ClassLoader.java:526) ~[?:?]
	at knot/net.minecraft.client.main.Main.main(Main.java:258) ~[fabric-loader-0.16.14-1.21.3.jar:?]
	at net.fabricmc.loader.impl.game.minecraft.MinecraftGameProvider.launch(MinecraftGameProvider.java:480) ~[fabric-loader-0.16.14.jar:?]
	... 7 more
Caused by: org.spongepowered.asm.mixin.transformer.throwables.InvalidMixinException: @Shadow field field_55569 was not located in the target class net.minecraft.class_1044. No refMap loaded.
	at org.spongepowered.asm.mixin.transformer.MixinPreProcessorStandard.attachFields(MixinPreProcessorStandard.java:624) ~[sponge-mixin-0.15.5+mixin.0.8.7.jar:0.15.5+mixin.0.8.7]
	at org.spongepowered.asm.mixin.transformer.MixinPreProcessorStandard.attach(MixinPreProcessorStandard.java:302) ~[sponge-mixin-0.15.5+mixin.0.8.7.jar:0.15.5+mixin.0.8.7]
	at org.spongepowered.asm.mixin.transformer.MixinPreProcessorStandard.createContextFor(MixinPreProcessorStandard.java:277) ~[sponge-mixin-0.15.5+mixin.0.8.7.jar:0.15.5+mixin.0.8.7]
	at org.spongepowered.asm.mixin.transformer.MixinInfo.createContextFor(MixinInfo.java:1292) ~[sponge-mixin-0.15.5+mixin.0.8.7.jar:0.15.5+mixin.0.8.7]
	at org.spongepowered.asm.mixin.transformer.MixinApplicatorStandard.apply(MixinApplicatorStandard.java:203) ~[sponge-mixin-0.15.5+mixin.0.8.7.jar:0.15.5+mixin.0.8.7]
	at org.spongepowered.asm.mixin.transformer.TargetClassContext.apply(TargetClassContext.java:437) ~[sponge-mixin-0.15.5+mixin.0.8.7.jar:0.15.5+mixin.0.8.7]
	at org.spongepowered.asm.mixin.transformer.TargetClassContext.applyMixins(TargetClassContext.java:418) ~[sponge-mixin-0.15.5+mixin.0.8.7.jar:0.15.5+mixin.0.8.7]
	at org.spongepowered.asm.mixin.transformer.MixinProcessor.applyMixins(MixinProcessor.java:363) ~[sponge-mixin-0.15.5+mixin.0.8.7.jar:0.15.5+mixin.0.8.7]
	at org.spongepowered.asm.mixin.transformer.MixinTransformer.transformClass(MixinTransformer.java:234) ~[sponge-mixin-0.15.5+mixin.0.8.7.jar:0.15.5+mixin.0.8.7]
	at org.spongepowered.asm.mixin.transformer.MixinTransformer.transformClassBytes(MixinTransformer.java:202) ~[sponge-mixin-0.15.5+mixin.0.8.7.jar:0.15.5+mixin.0.8.7]
	at net.fabricmc.loader.impl.launch.knot.KnotClassDelegate.getPostMixinClassByteArray(KnotClassDelegate.java:422) ~[fabric-loader-0.16.14.jar:?]
	at net.fabricmc.loader.impl.launch.knot.KnotClassDelegate.tryLoadClass(KnotClassDelegate.java:323) ~[fabric-loader-0.16.14.jar:?]
	at net.fabricmc.loader.impl.launch.knot.KnotClassDelegate.loadClass(KnotClassDelegate.java:218) ~[fabric-loader-0.16.14.jar:?]
	at net.fabricmc.loader.impl.launch.knot.KnotClassLoader.loadClass(KnotClassLoader.java:119) ~[fabric-loader-0.16.14.jar:?]
	at java.base/java.lang.ClassLoader.loadClass(ClassLoader.java:526) ~[?:?]
	at knot/net.minecraft.client.main.Main.main(Main.java:258) ~[fabric-loader-0.16.14-1.21.3.jar:?]
	at net.fabricmc.loader.impl.game.minecraft.MinecraftGameProvider.launch(MinecraftGameProvider.java:480) ~[fabric-loader-0.16.14.jar:?]
	... 7 more
